Using pre-set license
Built from '2020.3/release' branch; Version is '2020.3.2f1 (8fd9074bf66c) revision 9427207'; Using compiler version '192528614'; Build Type 'Release'
OS: 'Windows 10 Home Single Language; OS build 19043.1348; Version 2009; 64bit' Language: 'pt' Physical Memory: 8085 MB
BatchMode: 1, IsHumanControllingUs: 0, StartBugReporterOnCrash: 0, Is64bit: 1, IsPro: 0

 COMMAND LINE ARGUMENTS:
C:\Program Files\2020.3.2f1\Editor\Unity.exe
-adb2
-batchMode
-noUpm
-name
AssetImportWorker1
-projectPath
C:/Users/eduar/Documents/GitHub/New Unity Project
-logFile
Logs/AssetImportWorker1.log
-srvPort
55755
Successfully changed project path to: C:/Users/eduar/Documents/GitHub/New Unity Project
C:/Users/eduar/Documents/GitHub/New Unity Project
Using Asset Import Pipeline V2.
Refreshing native plugins compatible for Editor in 93.39 ms, found 1 plugins.
Preloading 0 native plugins for Editor in 0.00 ms.
Initialize engine version: 2020.3.2f1 (8fd9074bf66c)
[Subsystems] Discovering subsystems at path C:/Program Files/2020.3.2f1/Editor/Data/Resources/UnitySubsystems
[Subsystems] Discovering subsystems at path C:/Users/eduar/Documents/GitHub/New Unity Project/Assets
GfxDevice: creating device client; threaded=0
Direct3D:
    Version:  Direct3D 11.0 [level 11.1]
    Renderer: AMD Radeon (TM) RX 570 (ID=0x67df)
    Vendor:   
    VRAM:     4075 MB
    Driver:   30.0.13031.5001
Initialize mono
Mono path[0] = 'C:/Program Files/2020.3.2f1/Editor/Data/Managed'
Mono path[1] = 'C:/Program Files/2020.3.2f1/Editor/Data/MonoBleedingEdge/lib/mono/unityjit'
Mono config path = 'C:/Program Files/2020.3.2f1/Editor/Data/MonoBleedingEdge/etc'
Using monoOptions --debugger-agent=transport=dt_socket,embedding=1,server=y,suspend=n,address=127.0.0.1:56104
Begin MonoManager ReloadAssembly
Registering precompiled unity dll's ...
Register platform support module: C:/Program Files/2020.3.2f1/Editor/Data/PlaybackEngines/WebGLSupport/UnityEditor.WebGL.Extensions.dll
Register platform support module: C:/Program Files/2020.3.2f1/Editor/Data/PlaybackEngines/WindowsStandaloneSupport/UnityEditor.WindowsStandalone.Extensions.dll
Registered in 0.007048 seconds.
Native extension for WindowsStandalone target not found
Native extension for WebGL target not found
Refreshing native plugins compatible for Editor in 107.92 ms, found 1 plugins.
Preloading 0 native plugins for Editor in 0.00 ms.
Invoked RoslynAnalysisRunner static constructor.
RoslynAnalysisRunner will not be running.
RoslynAnalysisRunner has terminated.
Mono: successfully reloaded assembly
- Completed reload, in  6.289 seconds
Platform modules already initialized, skipping
Registering precompiled user dll's ...
Registered in 0.002291 seconds.
Begin MonoManager ReloadAssembly
Native extension for WindowsStandalone target not found
Native extension for WebGL target not found
Refreshing native plugins compatible for Editor in 105.03 ms, found 1 plugins.
Preloading 0 native plugins for Editor in 0.00 ms.
Invoked RoslynAnalysisRunner static constructor.
RoslynAnalysisRunner will not be running.
RoslynAnalysisRunner has terminated.
Mono: successfully reloaded assembly
- Completed reload, in  2.694 seconds
Platform modules already initialized, skipping
========================================================================
Worker process is ready to serve import requests
Launched and connected shader compiler UnityShaderCompiler.exe after 0.15 seconds
Refreshing native plugins compatible for Editor in 0.70 ms, found 1 plugins.
Preloading 0 native plugins for Editor in 0.00 ms.
Unloading 1809 Unused Serialized files (Serialized files now loaded: 0)
System memory in use before: 84.9 MB.
System memory in use after: 84.8 MB.

Unloading 24 unused Assets to reduce memory usage. Loaded Objects now: 2252.
Total: 6.946100 ms (FindLiveObjects: 0.419500 ms CreateObjectMapping: 0.139100 ms MarkObjects: 6.203200 ms  DeleteObjects: 0.181800 ms)

========================================================================
Received Import Request.
  path: Assets/Scripts
  artifactKey: Guid(a85e74c58f54f684fb976fe2477afd70) Importer(815301076,1909f56bfc062723c751e8b465ee728b)
Start importing Assets/Scripts using Guid(a85e74c58f54f684fb976fe2477afd70) Importer(815301076,1909f56bfc062723c751e8b465ee728b)  -> (artifact id: '5125787e9f235b01d79aa870b4d1bb2e') in 0.070082 seconds
  Import took 0.195909 seconds .

========================================================================
Received Import Request.
  Time since last request: 0.000494 seconds.
  path: Assets/Scripts/GeraPersonagem.cs
  artifactKey: Guid(bf09a471fcee28c429b93f4bd8ff2250) Importer(815301076,1909f56bfc062723c751e8b465ee728b)
Start importing Assets/Scripts/GeraPersonagem.cs using Guid(bf09a471fcee28c429b93f4bd8ff2250) Importer(815301076,1909f56bfc062723c751e8b465ee728b)  -> (artifact id: '28bb37e75c2474e5fccb7102e676cef8') in 0.262610 seconds
  Import took 0.414707 seconds .

========================================================================
Received Prepare
Registering precompiled user dll's ...
Registered in 0.002619 seconds.
Begin MonoManager ReloadAssembly
Native extension for WindowsStandalone target not found
Native extension for WebGL target not found
Refreshing native plugins compatible for Editor in 0.85 ms, found 1 plugins.
Preloading 0 native plugins for Editor in 0.00 ms.
Invoked RoslynAnalysisRunner static constructor.
RoslynAnalysisRunner will not be running.
RoslynAnalysisRunner has terminated.
Mono: successfully reloaded assembly
- Completed reload, in  2.212 seconds
Platform modules already initialized, skipping
Refreshing native plugins compatible for Editor in 0.66 ms, found 1 plugins.
Preloading 0 native plugins for Editor in 0.00 ms.
Unloading 1804 Unused Serialized files (Serialized files now loaded: 0)
System memory in use before: 84.8 MB.
System memory in use after: 84.8 MB.

Unloading 12 unused Assets to reduce memory usage. Loaded Objects now: 2256.
Total: 5.625700 ms (FindLiveObjects: 0.672200 ms CreateObjectMapping: 0.104900 ms MarkObjects: 4.620700 ms  DeleteObjects: 0.224600 ms)

========================================================================
Received Import Request.
  Time since last request: 554.417504 seconds.
  path: Assets/Scripts/GeraPersonagem.cs
  artifactKey: Guid(bf09a471fcee28c429b93f4bd8ff2250) Importer(815301076,1909f56bfc062723c751e8b465ee728b)
Start importing Assets/Scripts/GeraPersonagem.cs using Guid(bf09a471fcee28c429b93f4bd8ff2250) Importer(815301076,1909f56bfc062723c751e8b465ee728b)  -> (artifact id: 'aec26a42a52ea337d06d7491cb511b4a') in 0.017395 seconds
  Import took 0.050924 seconds .

========================================================================
Received Import Request.
  Time since last request: 1016.751611 seconds.
  path: Assets/Scripts/MostraTexto.cs
  artifactKey: Guid(27effb6760d613a4099d862468112b7c) Importer(815301076,1909f56bfc062723c751e8b465ee728b)
Start importing Assets/Scripts/MostraTexto.cs using Guid(27effb6760d613a4099d862468112b7c) Importer(815301076,1909f56bfc062723c751e8b465ee728b)  -> (artifact id: 'dfa0057e582423fdf304b924ab6f767c') in 0.039400 seconds
  Import took 0.085127 seconds .

========================================================================
Received Prepare
Registering precompiled user dll's ...
Registered in 0.002632 seconds.
Begin MonoManager ReloadAssembly
Native extension for WindowsStandalone target not found
Native extension for WebGL target not found
Refreshing native plugins compatible for Editor in 0.71 ms, found 1 plugins.
Preloading 0 native plugins for Editor in 0.00 ms.
Invoked RoslynAnalysisRunner static constructor.
RoslynAnalysisRunner will not be running.
RoslynAnalysisRunner has terminated.
Mono: successfully reloaded assembly
- Completed reload, in  2.087 seconds
Platform modules already initialized, skipping
Refreshing native plugins compatible for Editor in 0.63 ms, found 1 plugins.
Preloading 0 native plugins for Editor in 0.00 ms.
Unloading 1805 Unused Serialized files (Serialized files now loaded: 0)
System memory in use before: 84.9 MB.
System memory in use after: 84.8 MB.

Unloading 12 unused Assets to reduce memory usage. Loaded Objects now: 2261.
Total: 4.424400 ms (FindLiveObjects: 0.384700 ms CreateObjectMapping: 0.115100 ms MarkObjects: 3.698500 ms  DeleteObjects: 0.222000 ms)

========================================================================
Received Import Request.
  Time since last request: 120.179867 seconds.
  path: Assets/Scripts/MostraTexto.cs
  artifactKey: Guid(27effb6760d613a4099d862468112b7c) Importer(815301076,1909f56bfc062723c751e8b465ee728b)
Start importing Assets/Scripts/MostraTexto.cs using Guid(27effb6760d613a4099d862468112b7c) Importer(815301076,1909f56bfc062723c751e8b465ee728b)  -> (artifact id: 'c701b1272e33edab975b119515972f12') in 0.023429 seconds
  Import took 0.059870 seconds .

========================================================================
Received Import Request.
  Time since last request: 0.001052 seconds.
  path: Assets/Scripts/MostraTexto.cs
  artifactKey: Guid(27effb6760d613a4099d862468112b7c) Importer(815301076,1909f56bfc062723c751e8b465ee728b)
Start importing Assets/Scripts/MostraTexto.cs using Guid(27effb6760d613a4099d862468112b7c) Importer(815301076,1909f56bfc062723c751e8b465ee728b)  -> (artifact id: 'c701b1272e33edab975b119515972f12') in 0.008382 seconds
  Import took 0.015367 seconds .

========================================================================
Received Import Request.
  Time since last request: 33.367688 seconds.
  path: Assets/Scripts/MostraTexto.cs
  artifactKey: Guid(27effb6760d613a4099d862468112b7c) Importer(815301076,1909f56bfc062723c751e8b465ee728b)
Start importing Assets/Scripts/MostraTexto.cs using Guid(27effb6760d613a4099d862468112b7c) Importer(815301076,1909f56bfc062723c751e8b465ee728b)  -> (artifact id: 'a67a8b8ee854297115e8e95905217a61') in 0.009703 seconds
  Import took 0.019253 seconds .

========================================================================
Received Import Request.
  Time since last request: 0.083727 seconds.
  path: Assets/Scripts/MostraTexto.cs
  artifactKey: Guid(27effb6760d613a4099d862468112b7c) Importer(815301076,1909f56bfc062723c751e8b465ee728b)
Start importing Assets/Scripts/MostraTexto.cs using Guid(27effb6760d613a4099d862468112b7c) Importer(815301076,1909f56bfc062723c751e8b465ee728b)  -> (artifact id: 'a67a8b8ee854297115e8e95905217a61') in 0.027497 seconds
  Import took 0.035140 seconds .

========================================================================
Received Prepare
Registering precompiled user dll's ...
Registered in 0.002498 seconds.
Begin MonoManager ReloadAssembly
Native extension for WindowsStandalone target not found
Native extension for WebGL target not found
Refreshing native plugins compatible for Editor in 0.65 ms, found 1 plugins.
Preloading 0 native plugins for Editor in 0.00 ms.
Invoked RoslynAnalysisRunner static constructor.
RoslynAnalysisRunner will not be running.
RoslynAnalysisRunner has terminated.
Mono: successfully reloaded assembly
- Completed reload, in  2.283 seconds
Platform modules already initialized, skipping
Refreshing native plugins compatible for Editor in 0.64 ms, found 1 plugins.
Preloading 0 native plugins for Editor in 0.00 ms.
Unloading 1804 Unused Serialized files (Serialized files now loaded: 0)
System memory in use before: 84.9 MB.
System memory in use after: 84.8 MB.

Unloading 13 unused Assets to reduce memory usage. Loaded Objects now: 2264.
Total: 5.408400 ms (FindLiveObjects: 0.535500 ms CreateObjectMapping: 0.195500 ms MarkObjects: 4.446800 ms  DeleteObjects: 0.227400 ms)

========================================================================
Received Prepare
Registering precompiled user dll's ...
Registered in 0.002193 seconds.
Begin MonoManager ReloadAssembly
Native extension for WindowsStandalone target not found
Native extension for WebGL target not found
Refreshing native plugins compatible for Editor in 0.65 ms, found 1 plugins.
Preloading 0 native plugins for Editor in 0.00 ms.
Invoked RoslynAnalysisRunner static constructor.
RoslynAnalysisRunner will not be running.
RoslynAnalysisRunner has terminated.
Mono: successfully reloaded assembly
- Completed reload, in  2.248 seconds
Platform modules already initialized, skipping
Refreshing native plugins compatible for Editor in 0.64 ms, found 1 plugins.
Preloading 0 native plugins for Editor in 0.00 ms.
Unloading 1805 Unused Serialized files (Serialized files now loaded: 0)
System memory in use before: 84.9 MB.
System memory in use after: 84.9 MB.

Unloading 12 unused Assets to reduce memory usage. Loaded Objects now: 2269.
Total: 4.586500 ms (FindLiveObjects: 0.339700 ms CreateObjectMapping: 0.103300 ms MarkObjects: 3.914300 ms  DeleteObjects: 0.226600 ms)

========================================================================
Received Import Request.
  Time since last request: 57.527716 seconds.
  path: Assets/Scripts/ShowText.cs
  artifactKey: Guid(46af34a114639604e8599fb88938b7e4) Importer(815301076,1909f56bfc062723c751e8b465ee728b)
Start importing Assets/Scripts/ShowText.cs using Guid(46af34a114639604e8599fb88938b7e4) Importer(815301076,1909f56bfc062723c751e8b465ee728b)  -> (artifact id: '432b214382f644bc54b819456f8e9732') in 0.019030 seconds
  Import took 0.044370 seconds .

========================================================================
Received Import Request.
  Time since last request: 18.924849 seconds.
  path: Assets/Scripts/ShowText.cs
  artifactKey: Guid(46af34a114639604e8599fb88938b7e4) Importer(815301076,1909f56bfc062723c751e8b465ee728b)
Start importing Assets/Scripts/ShowText.cs using Guid(46af34a114639604e8599fb88938b7e4) Importer(815301076,1909f56bfc062723c751e8b465ee728b)  -> (artifact id: '5dae1ee4e2e5bcf771707416f274ba06') in 0.012890 seconds
  Import took 0.035451 seconds .

========================================================================
Received Prepare
Registering precompiled user dll's ...
Registered in 0.002448 seconds.
Begin MonoManager ReloadAssembly
Native extension for WindowsStandalone target not found
Native extension for WebGL target not found
Refreshing native plugins compatible for Editor in 0.96 ms, found 1 plugins.
Preloading 0 native plugins for Editor in 0.00 ms.
Invoked RoslynAnalysisRunner static constructor.
RoslynAnalysisRunner will not be running.
RoslynAnalysisRunner has terminated.
Mono: successfully reloaded assembly
- Completed reload, in  2.229 seconds
Platform modules already initialized, skipping
Refreshing native plugins compatible for Editor in 0.67 ms, found 1 plugins.
Preloading 0 native plugins for Editor in 0.00 ms.
Unloading 1805 Unused Serialized files (Serialized files now loaded: 0)
System memory in use before: 84.9 MB.
System memory in use after: 84.9 MB.

Unloading 12 unused Assets to reduce memory usage. Loaded Objects now: 2273.
Total: 4.538500 ms (FindLiveObjects: 0.392100 ms CreateObjectMapping: 0.113600 ms MarkObjects: 3.800200 ms  DeleteObjects: 0.229500 ms)

========================================================================
Received Import Request.
  Time since last request: 120.019017 seconds.
  path: Assets/Scripts/ShowText.cs
  artifactKey: Guid(46af34a114639604e8599fb88938b7e4) Importer(815301076,1909f56bfc062723c751e8b465ee728b)
Start importing Assets/Scripts/ShowText.cs using Guid(46af34a114639604e8599fb88938b7e4) Importer(815301076,1909f56bfc062723c751e8b465ee728b)  -> (artifact id: '2ea3ee40861827fc0a8b5dadb8b7b8b5') in 0.017402 seconds
  Import took 0.042193 seconds .

========================================================================
Received Prepare
Registering precompiled user dll's ...
Registered in 0.002235 seconds.
Begin MonoManager ReloadAssembly
Native extension for WindowsStandalone target not found
Native extension for WebGL target not found
Refreshing native plugins compatible for Editor in 1.19 ms, found 1 plugins.
Preloading 0 native plugins for Editor in 0.00 ms.
Invoked RoslynAnalysisRunner static constructor.
RoslynAnalysisRunner will not be running.
RoslynAnalysisRunner has terminated.
Mono: successfully reloaded assembly
- Completed reload, in  2.498 seconds
Platform modules already initialized, skipping
Refreshing native plugins compatible for Editor in 0.63 ms, found 1 plugins.
Preloading 0 native plugins for Editor in 0.00 ms.
Unloading 1804 Unused Serialized files (Serialized files now loaded: 0)
System memory in use before: 84.9 MB.
System memory in use after: 84.9 MB.

Unloading 13 unused Assets to reduce memory usage. Loaded Objects now: 2276.
Total: 4.563300 ms (FindLiveObjects: 0.365400 ms CreateObjectMapping: 0.121800 ms MarkObjects: 3.840600 ms  DeleteObjects: 0.232000 ms)

========================================================================
Received Prepare
Registering precompiled user dll's ...
Registered in 0.003021 seconds.
Begin MonoManager ReloadAssembly
Native extension for WindowsStandalone target not found
Native extension for WebGL target not found
Refreshing native plugins compatible for Editor in 0.65 ms, found 1 plugins.
Preloading 0 native plugins for Editor in 0.00 ms.
Invoked RoslynAnalysisRunner static constructor.
RoslynAnalysisRunner will not be running.
RoslynAnalysisRunner has terminated.
Mono: successfully reloaded assembly
- Completed reload, in  2.231 seconds
Platform modules already initialized, skipping
Refreshing native plugins compatible for Editor in 0.64 ms, found 1 plugins.
Preloading 0 native plugins for Editor in 0.00 ms.
Unloading 1804 Unused Serialized files (Serialized files now loaded: 0)
System memory in use before: 84.9 MB.
System memory in use after: 84.9 MB.

Unloading 12 unused Assets to reduce memory usage. Loaded Objects now: 2280.
Total: 6.077200 ms (FindLiveObjects: 0.558200 ms CreateObjectMapping: 0.184300 ms MarkObjects: 5.045100 ms  DeleteObjects: 0.286500 ms)

========================================================================
Received Prepare
Registering precompiled user dll's ...
Registered in 0.003000 seconds.
Begin MonoManager ReloadAssembly
Native extension for WindowsStandalone target not found
Native extension for WebGL target not found
Refreshing native plugins compatible for Editor in 0.68 ms, found 1 plugins.
Preloading 0 native plugins for Editor in 0.00 ms.
Invoked RoslynAnalysisRunner static constructor.
RoslynAnalysisRunner will not be running.
RoslynAnalysisRunner has terminated.
Mono: successfully reloaded assembly
- Completed reload, in  2.231 seconds
Platform modules already initialized, skipping
Refreshing native plugins compatible for Editor in 0.66 ms, found 1 plugins.
Preloading 0 native plugins for Editor in 0.00 ms.
Unloading 1804 Unused Serialized files (Serialized files now loaded: 0)
System memory in use before: 85.0 MB.
System memory in use after: 84.9 MB.

Unloading 12 unused Assets to reduce memory usage. Loaded Objects now: 2284.
Total: 4.395200 ms (FindLiveObjects: 0.371700 ms CreateObjectMapping: 0.111700 ms MarkObjects: 3.680600 ms  DeleteObjects: 0.228200 ms)

========================================================================
Received Prepare
Registering precompiled user dll's ...
Registered in 0.002370 seconds.
Begin MonoManager ReloadAssembly
Native extension for WindowsStandalone target not found
Native extension for WebGL target not found
Refreshing native plugins compatible for Editor in 1.03 ms, found 1 plugins.
Preloading 0 native plugins for Editor in 0.00 ms.
Invoked RoslynAnalysisRunner static constructor.
RoslynAnalysisRunner will not be running.
RoslynAnalysisRunner has terminated.
Mono: successfully reloaded assembly
- Completed reload, in  2.312 seconds
Platform modules already initialized, skipping
Refreshing native plugins compatible for Editor in 0.67 ms, found 1 plugins.
Preloading 0 native plugins for Editor in 0.00 ms.
Unloading 1804 Unused Serialized files (Serialized files now loaded: 0)
System memory in use before: 85.0 MB.
System memory in use after: 84.9 MB.

Unloading 12 unused Assets to reduce memory usage. Loaded Objects now: 2288.
Total: 6.389200 ms (FindLiveObjects: 0.644700 ms CreateObjectMapping: 0.171300 ms MarkObjects: 5.330600 ms  DeleteObjects: 0.239600 ms)

========================================================================
Received Prepare
Registering precompiled user dll's ...
Registered in 0.002198 seconds.
Begin MonoManager ReloadAssembly
Native extension for WindowsStandalone target not found
Native extension for WebGL target not found
Refreshing native plugins compatible for Editor in 0.65 ms, found 1 plugins.
Preloading 0 native plugins for Editor in 0.00 ms.
Invoked RoslynAnalysisRunner static constructor.
RoslynAnalysisRunner will not be running.
RoslynAnalysisRunner has terminated.
Mono: successfully reloaded assembly
- Completed reload, in  1.917 seconds
Platform modules already initialized, skipping
Refreshing native plugins compatible for Editor in 0.64 ms, found 1 plugins.
Preloading 0 native plugins for Editor in 0.00 ms.
Unloading 1804 Unused Serialized files (Serialized files now loaded: 0)
System memory in use before: 85.0 MB.
System memory in use after: 84.9 MB.

Unloading 12 unused Assets to reduce memory usage. Loaded Objects now: 2292.
Total: 4.740200 ms (FindLiveObjects: 0.356700 ms CreateObjectMapping: 0.112200 ms MarkObjects: 3.977300 ms  DeleteObjects: 0.291100 ms)

========================================================================
Received Prepare
Registering precompiled user dll's ...
Registered in 0.002222 seconds.
Begin MonoManager ReloadAssembly
Native extension for WindowsStandalone target not found
Native extension for WebGL target not found
Refreshing native plugins compatible for Editor in 0.79 ms, found 1 plugins.
Preloading 0 native plugins for Editor in 0.00 ms.
Invoked RoslynAnalysisRunner static constructor.
RoslynAnalysisRunner will not be running.
RoslynAnalysisRunner has terminated.
Mono: successfully reloaded assembly
- Completed reload, in  2.341 seconds
Platform modules already initialized, skipping
Refreshing native plugins compatible for Editor in 0.66 ms, found 1 plugins.
Preloading 0 native plugins for Editor in 0.00 ms.
Unloading 1804 Unused Serialized files (Serialized files now loaded: 0)
System memory in use before: 85.0 MB.
System memory in use after: 85.0 MB.

Unloading 12 unused Assets to reduce memory usage. Loaded Objects now: 2296.
Total: 4.255800 ms (FindLiveObjects: 0.360300 ms CreateObjectMapping: 0.106100 ms MarkObjects: 3.564300 ms  DeleteObjects: 0.222200 ms)

========================================================================
Received Import Request.
  Time since last request: 2415.706042 seconds.
  path: Assets/Scripts/GeraPersonagem.cs
  artifactKey: Guid(bf09a471fcee28c429b93f4bd8ff2250) Importer(815301076,1909f56bfc062723c751e8b465ee728b)
Start importing Assets/Scripts/GeraPersonagem.cs using Guid(bf09a471fcee28c429b93f4bd8ff2250) Importer(815301076,1909f56bfc062723c751e8b465ee728b)  -> (artifact id: '85fae979e0dd77957bb48da7c531f286') in 0.016568 seconds
  Import took 0.054516 seconds .

========================================================================
Received Import Request.
  Time since last request: 0.003204 seconds.
  path: Assets/Scripts/GeraPersonagem.cs
  artifactKey: Guid(bf09a471fcee28c429b93f4bd8ff2250) Importer(815301076,1909f56bfc062723c751e8b465ee728b)
Start importing Assets/Scripts/GeraPersonagem.cs using Guid(bf09a471fcee28c429b93f4bd8ff2250) Importer(815301076,1909f56bfc062723c751e8b465ee728b)  -> (artifact id: '85fae979e0dd77957bb48da7c531f286') in 0.016943 seconds
  Import took 0.026067 seconds .

========================================================================
Received Prepare
Registering precompiled user dll's ...
Registered in 0.002634 seconds.
Begin MonoManager ReloadAssembly
Native extension for WindowsStandalone target not found
Native extension for WebGL target not found
Refreshing native plugins compatible for Editor in 1.06 ms, found 1 plugins.
Preloading 0 native plugins for Editor in 0.00 ms.
Invoked RoslynAnalysisRunner static constructor.
RoslynAnalysisRunner will not be running.
RoslynAnalysisRunner has terminated.
Mono: successfully reloaded assembly
- Completed reload, in  2.290 seconds
Platform modules already initialized, skipping
Refreshing native plugins compatible for Editor in 0.68 ms, found 1 plugins.
Preloading 0 native plugins for Editor in 0.00 ms.
Unloading 1804 Unused Serialized files (Serialized files now loaded: 0)
System memory in use before: 85.0 MB.
System memory in use after: 85.0 MB.

Unloading 12 unused Assets to reduce memory usage. Loaded Objects now: 2300.
Total: 5.752600 ms (FindLiveObjects: 0.480200 ms CreateObjectMapping: 0.112100 ms MarkObjects: 4.931100 ms  DeleteObjects: 0.226900 ms)

========================================================================
Received Prepare
Registering precompiled user dll's ...
Registered in 0.002485 seconds.
Begin MonoManager ReloadAssembly
Native extension for WindowsStandalone target not found
Native extension for WebGL target not found
Refreshing native plugins compatible for Editor in 1.07 ms, found 1 plugins.
Preloading 0 native plugins for Editor in 0.00 ms.
Invoked RoslynAnalysisRunner static constructor.
RoslynAnalysisRunner will not be running.
RoslynAnalysisRunner has terminated.
Mono: successfully reloaded assembly
- Completed reload, in  2.230 seconds
Platform modules already initialized, skipping
Refreshing native plugins compatible for Editor in 1.01 ms, found 1 plugins.
Preloading 0 native plugins for Editor in 0.00 ms.
Unloading 1804 Unused Serialized files (Serialized files now loaded: 0)
System memory in use before: 85.0 MB.
System memory in use after: 85.0 MB.

Unloading 12 unused Assets to reduce memory usage. Loaded Objects now: 2304.
Total: 5.923900 ms (FindLiveObjects: 0.632200 ms CreateObjectMapping: 0.171700 ms MarkObjects: 4.865000 ms  DeleteObjects: 0.252300 ms)

========================================================================
Received Prepare
Registering precompiled user dll's ...
Registered in 0.002738 seconds.
Begin MonoManager ReloadAssembly
Native extension for WindowsStandalone target not found
Native extension for WebGL target not found
Refreshing native plugins compatible for Editor in 0.65 ms, found 1 plugins.
Preloading 0 native plugins for Editor in 0.00 ms.
Invoked RoslynAnalysisRunner static constructor.
RoslynAnalysisRunner will not be running.
RoslynAnalysisRunner has terminated.
Mono: successfully reloaded assembly
- Completed reload, in  2.271 seconds
Platform modules already initialized, skipping
Refreshing native plugins compatible for Editor in 0.66 ms, found 1 plugins.
Preloading 0 native plugins for Editor in 0.00 ms.
Unloading 1804 Unused Serialized files (Serialized files now loaded: 0)
System memory in use before: 85.0 MB.
System memory in use after: 85.0 MB.

Unloading 12 unused Assets to reduce memory usage. Loaded Objects now: 2308.
Total: 4.752900 ms (FindLiveObjects: 0.487300 ms CreateObjectMapping: 0.115700 ms MarkObjects: 3.917900 ms  DeleteObjects: 0.229300 ms)

========================================================================
Received Prepare
Registering precompiled user dll's ...
Registered in 0.002233 seconds.
Begin MonoManager ReloadAssembly
Native extension for WindowsStandalone target not found
Native extension for WebGL target not found
Refreshing native plugins compatible for Editor in 0.65 ms, found 1 plugins.
Preloading 0 native plugins for Editor in 0.00 ms.
Invoked RoslynAnalysisRunner static constructor.
RoslynAnalysisRunner will not be running.
RoslynAnalysisRunner has terminated.
Mono: successfully reloaded assembly
- Completed reload, in  2.280 seconds
Platform modules already initialized, skipping
Refreshing native plugins compatible for Editor in 0.90 ms, found 1 plugins.
Preloading 0 native plugins for Editor in 0.00 ms.
Unloading 1804 Unused Serialized files (Serialized files now loaded: 0)
System memory in use before: 85.0 MB.
System memory in use after: 85.0 MB.

Unloading 12 unused Assets to reduce memory usage. Loaded Objects now: 2312.
Total: 6.689700 ms (FindLiveObjects: 0.799100 ms CreateObjectMapping: 0.258400 ms MarkObjects: 5.336300 ms  DeleteObjects: 0.292700 ms)

========================================================================
Received Prepare
Registering precompiled user dll's ...
Registered in 0.002423 seconds.
Begin MonoManager ReloadAssembly
Native extension for WindowsStandalone target not found
Native extension for WebGL target not found
Refreshing native plugins compatible for Editor in 0.65 ms, found 1 plugins.
Preloading 0 native plugins for Editor in 0.00 ms.
Invoked RoslynAnalysisRunner static constructor.
RoslynAnalysisRunner will not be running.
RoslynAnalysisRunner has terminated.
Mono: successfully reloaded assembly
- Completed reload, in  2.220 seconds
Platform modules already initialized, skipping
Refreshing native plugins compatible for Editor in 0.64 ms, found 1 plugins.
Preloading 0 native plugins for Editor in 0.00 ms.
Unloading 1804 Unused Serialized files (Serialized files now loaded: 0)
System memory in use before: 85.0 MB.
System memory in use after: 85.0 MB.

Unloading 12 unused Assets to reduce memory usage. Loaded Objects now: 2316.
Total: 4.310800 ms (FindLiveObjects: 0.354300 ms CreateObjectMapping: 0.101900 ms MarkObjects: 3.633500 ms  DeleteObjects: 0.218000 ms)

========================================================================
Received Import Request.
  Time since last request: 918.514485 seconds.
  path: Assets/Scripts/GeraPersonagem.cs
  artifactKey: Guid(bf09a471fcee28c429b93f4bd8ff2250) Importer(815301076,1909f56bfc062723c751e8b465ee728b)
Start importing Assets/Scripts/GeraPersonagem.cs using Guid(bf09a471fcee28c429b93f4bd8ff2250) Importer(815301076,1909f56bfc062723c751e8b465ee728b)  -> (artifact id: '77543f6889bebc7d7151cd20bd65f4c7') in 0.029333 seconds
  Import took 0.069505 seconds .

========================================================================
Received Import Request.
  Time since last request: 0.006598 seconds.
  path: Assets/Scripts/GeraPersonagem.cs
  artifactKey: Guid(bf09a471fcee28c429b93f4bd8ff2250) Importer(815301076,1909f56bfc062723c751e8b465ee728b)
Start importing Assets/Scripts/GeraPersonagem.cs using Guid(bf09a471fcee28c429b93f4bd8ff2250) Importer(815301076,1909f56bfc062723c751e8b465ee728b)  -> (artifact id: '77543f6889bebc7d7151cd20bd65f4c7') in 0.011384 seconds
  Import took 0.026749 seconds .

========================================================================
Received Prepare
Registering precompiled user dll's ...
Registered in 0.002471 seconds.
Begin MonoManager ReloadAssembly
Native extension for WindowsStandalone target not found
Native extension for WebGL target not found
Refreshing native plugins compatible for Editor in 0.65 ms, found 1 plugins.
Preloading 0 native plugins for Editor in 0.00 ms.
Invoked RoslynAnalysisRunner static constructor.
RoslynAnalysisRunner will not be running.
RoslynAnalysisRunner has terminated.
Mono: successfully reloaded assembly
- Completed reload, in  2.297 seconds
Platform modules already initialized, skipping
Refreshing native plugins compatible for Editor in 0.69 ms, found 1 plugins.
Preloading 0 native plugins for Editor in 0.00 ms.
Unloading 1804 Unused Serialized files (Serialized files now loaded: 0)
System memory in use before: 85.0 MB.
System memory in use after: 85.0 MB.

Unloading 12 unused Assets to reduce memory usage. Loaded Objects now: 2320.
Total: 4.527600 ms (FindLiveObjects: 0.368300 ms CreateObjectMapping: 0.112900 ms MarkObjects: 3.774500 ms  DeleteObjects: 0.269100 ms)

AssetImportWorkerClient::OnTransportError - code=2 error=End of file
