Using pre-set license
Built from '2020.3/release' branch; Version is '2020.3.2f1 (8fd9074bf66c) revision 9427207'; Using compiler version '192528614'; Build Type 'Release'
OS: 'Windows 10 Home Single Language; OS build 19043.1415; Version 2009; 64bit' Language: 'pt' Physical Memory: 8085 MB
BatchMode: 1, IsHumanControllingUs: 0, StartBugReporterOnCrash: 0, Is64bit: 1, IsPro: 0

 COMMAND LINE ARGUMENTS:
C:\Program Files\2020.3.2f1\Editor\Unity.exe
-adb2
-batchMode
-noUpm
-name
AssetImportWorker0
-projectPath
C:/Users/eduar/Documents/GitHub/Prototipo-AbCashGerarPersonagem
-logFile
Logs/AssetImportWorker0.log
-srvPort
53480
Successfully changed project path to: C:/Users/eduar/Documents/GitHub/Prototipo-AbCashGerarPersonagem
C:/Users/eduar/Documents/GitHub/Prototipo-AbCashGerarPersonagem
Using Asset Import Pipeline V2.
Refreshing native plugins compatible for Editor in 111.79 ms, found 1 plugins.
Preloading 0 native plugins for Editor in 0.00 ms.
Initialize engine version: 2020.3.2f1 (8fd9074bf66c)
[Subsystems] Discovering subsystems at path C:/Program Files/2020.3.2f1/Editor/Data/Resources/UnitySubsystems
[Subsystems] Discovering subsystems at path C:/Users/eduar/Documents/GitHub/Prototipo-AbCashGerarPersonagem/Assets
GfxDevice: creating device client; threaded=0
Direct3D:
    Version:  Direct3D 11.0 [level 11.1]
    Renderer: AMD Radeon (TM) RX 570 (ID=0x67df)
    Vendor:   
    VRAM:     4075 MB
    Driver:   30.0.13031.5001
Initialize mono
Mono path[0] = 'C:/Program Files/2020.3.2f1/Editor/Data/Managed'
Mono path[1] = 'C:/Program Files/2020.3.2f1/Editor/Data/MonoBleedingEdge/lib/mono/unityjit'
Mono config path = 'C:/Program Files/2020.3.2f1/Editor/Data/MonoBleedingEdge/etc'
Using monoOptions --debugger-agent=transport=dt_socket,embedding=1,server=y,suspend=n,address=127.0.0.1:56460
Begin MonoManager ReloadAssembly
Registering precompiled unity dll's ...
Register platform support module: C:/Program Files/2020.3.2f1/Editor/Data/PlaybackEngines/WebGLSupport/UnityEditor.WebGL.Extensions.dll
Register platform support module: C:/Program Files/2020.3.2f1/Editor/Data/PlaybackEngines/WindowsStandaloneSupport/UnityEditor.WindowsStandalone.Extensions.dll
Registered in 0.006282 seconds.
Native extension for WindowsStandalone target not found
Native extension for WebGL target not found
Refreshing native plugins compatible for Editor in 102.83 ms, found 1 plugins.
Preloading 0 native plugins for Editor in 0.00 ms.
Invoked RoslynAnalysisRunner static constructor.
RoslynAnalysisRunner will not be running.
RoslynAnalysisRunner has terminated.
Mono: successfully reloaded assembly
- Completed reload, in  6.042 seconds
Platform modules already initialized, skipping
Registering precompiled user dll's ...
Registered in 0.050654 seconds.
Begin MonoManager ReloadAssembly
Native extension for WindowsStandalone target not found
Native extension for WebGL target not found
Refreshing native plugins compatible for Editor in 103.20 ms, found 1 plugins.
Preloading 0 native plugins for Editor in 0.00 ms.
Invoked RoslynAnalysisRunner static constructor.
RoslynAnalysisRunner will not be running.
RoslynAnalysisRunner has terminated.
Mono: successfully reloaded assembly
- Completed reload, in  2.825 seconds
Platform modules already initialized, skipping
========================================================================
Worker process is ready to serve import requests
Launched and connected shader compiler UnityShaderCompiler.exe after 0.46 seconds
Refreshing native plugins compatible for Editor in 0.64 ms, found 1 plugins.
Preloading 0 native plugins for Editor in 0.00 ms.
Unloading 1810 Unused Serialized files (Serialized files now loaded: 0)
System memory in use before: 84.9 MB.
System memory in use after: 84.9 MB.

Unloading 24 unused Assets to reduce memory usage. Loaded Objects now: 2253.
Total: 6.223900 ms (FindLiveObjects: 0.339200 ms CreateObjectMapping: 0.103400 ms MarkObjects: 5.476600 ms  DeleteObjects: 0.301500 ms)

========================================================================
Received Import Request.
  path: Assets/Scripts/GeraPersonagem.cs
  artifactKey: Guid(bf09a471fcee28c429b93f4bd8ff2250) Importer(815301076,1909f56bfc062723c751e8b465ee728b)
Start importing Assets/Scripts/GeraPersonagem.cs using Guid(bf09a471fcee28c429b93f4bd8ff2250) Importer(815301076,1909f56bfc062723c751e8b465ee728b)  -> (artifact id: 'e3a9403d672d4ae054e625aca1905e81') in 1.000632 seconds
  Import took 1.140860 seconds .

========================================================================
Received Prepare
Refreshing native plugins compatible for Editor in 248.79 ms, found 1 plugins.
Preloading 0 native plugins for Editor in 0.00 ms.
Unloading 10 Unused Serialized files (Serialized files now loaded: 0)
System memory in use before: 49.2 MB.
System memory in use after: 49.2 MB.

Unloading 10 unused Assets to reduce memory usage. Loaded Objects now: 2253.
Total: 5.672400 ms (FindLiveObjects: 0.550200 ms CreateObjectMapping: 0.163700 ms MarkObjects: 4.721200 ms  DeleteObjects: 0.233900 ms)

========================================================================
Received Prepare
Registering precompiled user dll's ...
Registered in 0.002227 seconds.
Begin MonoManager ReloadAssembly
Native extension for WindowsStandalone target not found
Native extension for WebGL target not found
Refreshing native plugins compatible for Editor in 0.73 ms, found 1 plugins.
Preloading 0 native plugins for Editor in 0.00 ms.
Invoked RoslynAnalysisRunner static constructor.
RoslynAnalysisRunner will not be running.
RoslynAnalysisRunner has terminated.
Mono: successfully reloaded assembly
- Completed reload, in  2.164 seconds
Platform modules already initialized, skipping
Refreshing native plugins compatible for Editor in 0.66 ms, found 1 plugins.
Preloading 0 native plugins for Editor in 0.00 ms.
Unloading 1805 Unused Serialized files (Serialized files now loaded: 0)
System memory in use before: 84.9 MB.
System memory in use after: 84.9 MB.

Unloading 12 unused Assets to reduce memory usage. Loaded Objects now: 2257.
Total: 4.494000 ms (FindLiveObjects: 0.402500 ms CreateObjectMapping: 0.111700 ms MarkObjects: 3.748300 ms  DeleteObjects: 0.228600 ms)

========================================================================
Received Import Request.
  Time since last request: 1438.770158 seconds.
  path: Assets/Scripts/GeraPersonagem.cs
  artifactKey: Guid(bf09a471fcee28c429b93f4bd8ff2250) Importer(815301076,1909f56bfc062723c751e8b465ee728b)
Start importing Assets/Scripts/GeraPersonagem.cs using Guid(bf09a471fcee28c429b93f4bd8ff2250) Importer(815301076,1909f56bfc062723c751e8b465ee728b)  -> (artifact id: '1b92a70c91ce594a3113043829cc935c') in 0.050823 seconds
  Import took 0.084023 seconds .

========================================================================
Received Import Request.
  Time since last request: 0.173504 seconds.
  path: Assets/Scripts/GeraPersonagem.cs
  artifactKey: Guid(bf09a471fcee28c429b93f4bd8ff2250) Importer(815301076,1909f56bfc062723c751e8b465ee728b)
Start importing Assets/Scripts/GeraPersonagem.cs using Guid(bf09a471fcee28c429b93f4bd8ff2250) Importer(815301076,1909f56bfc062723c751e8b465ee728b)  -> (artifact id: '1b92a70c91ce594a3113043829cc935c') in 0.021028 seconds
  Import took 0.038585 seconds .

========================================================================
Received Prepare
Registering precompiled user dll's ...
Registered in 0.002716 seconds.
Begin MonoManager ReloadAssembly
Native extension for WindowsStandalone target not found
Native extension for WebGL target not found
Refreshing native plugins compatible for Editor in 0.76 ms, found 1 plugins.
Preloading 0 native plugins for Editor in 0.00 ms.
Invoked RoslynAnalysisRunner static constructor.
RoslynAnalysisRunner will not be running.
RoslynAnalysisRunner has terminated.
Mono: successfully reloaded assembly
- Completed reload, in  2.258 seconds
Platform modules already initialized, skipping
Refreshing native plugins compatible for Editor in 0.67 ms, found 1 plugins.
Preloading 0 native plugins for Editor in 0.00 ms.
Unloading 1805 Unused Serialized files (Serialized files now loaded: 0)
System memory in use before: 84.9 MB.
System memory in use after: 84.9 MB.

Unloading 12 unused Assets to reduce memory usage. Loaded Objects now: 2261.
Total: 4.178800 ms (FindLiveObjects: 0.320500 ms CreateObjectMapping: 0.103300 ms MarkObjects: 3.522300 ms  DeleteObjects: 0.230500 ms)

========================================================================
Received Import Request.
  Time since last request: 52.541990 seconds.
  path: Assets/Scripts/GeraPersonagem.cs
  artifactKey: Guid(bf09a471fcee28c429b93f4bd8ff2250) Importer(815301076,1909f56bfc062723c751e8b465ee728b)
Start importing Assets/Scripts/GeraPersonagem.cs using Guid(bf09a471fcee28c429b93f4bd8ff2250) Importer(815301076,1909f56bfc062723c751e8b465ee728b)  -> (artifact id: '30eff5e4efef310f74340150b9a25f3a') in 0.021807 seconds
  Import took 0.054891 seconds .

========================================================================
Received Import Request.
  Time since last request: 0.203120 seconds.
  path: Assets/Scripts/GeraPersonagem.cs
  artifactKey: Guid(bf09a471fcee28c429b93f4bd8ff2250) Importer(815301076,1909f56bfc062723c751e8b465ee728b)
Start importing Assets/Scripts/GeraPersonagem.cs using Guid(bf09a471fcee28c429b93f4bd8ff2250) Importer(815301076,1909f56bfc062723c751e8b465ee728b)  -> (artifact id: '30eff5e4efef310f74340150b9a25f3a') in 0.011163 seconds
  Import took 0.019576 seconds .

========================================================================
Received Prepare
Registering precompiled user dll's ...
Registered in 0.002266 seconds.
Begin MonoManager ReloadAssembly
Native extension for WindowsStandalone target not found
Native extension for WebGL target not found
Refreshing native plugins compatible for Editor in 0.68 ms, found 1 plugins.
Preloading 0 native plugins for Editor in 0.00 ms.
Invoked RoslynAnalysisRunner static constructor.
RoslynAnalysisRunner will not be running.
RoslynAnalysisRunner has terminated.
Mono: successfully reloaded assembly
- Completed reload, in  2.363 seconds
Platform modules already initialized, skipping
Refreshing native plugins compatible for Editor in 0.67 ms, found 1 plugins.
Preloading 0 native plugins for Editor in 0.00 ms.
Unloading 1805 Unused Serialized files (Serialized files now loaded: 0)
System memory in use before: 84.9 MB.
System memory in use after: 84.9 MB.

Unloading 12 unused Assets to reduce memory usage. Loaded Objects now: 2265.
Total: 4.974000 ms (FindLiveObjects: 0.494400 ms CreateObjectMapping: 0.115900 ms MarkObjects: 4.100200 ms  DeleteObjects: 0.260800 ms)

========================================================================
Received Prepare
Registering precompiled user dll's ...
Registered in 0.001507 seconds.
Begin MonoManager ReloadAssembly
Native extension for WindowsStandalone target not found
Native extension for WebGL target not found
Refreshing native plugins compatible for Editor in 0.75 ms, found 1 plugins.
Preloading 0 native plugins for Editor in 0.00 ms.
Invoked RoslynAnalysisRunner static constructor.
RoslynAnalysisRunner will not be running.
RoslynAnalysisRunner has terminated.
Mono: successfully reloaded assembly
- Completed reload, in  2.158 seconds
Platform modules already initialized, skipping
Refreshing native plugins compatible for Editor in 0.71 ms, found 1 plugins.
Preloading 0 native plugins for Editor in 0.00 ms.
Unloading 1805 Unused Serialized files (Serialized files now loaded: 0)
System memory in use before: 85.0 MB.
System memory in use after: 84.9 MB.

Unloading 12 unused Assets to reduce memory usage. Loaded Objects now: 2269.
Total: 4.559600 ms (FindLiveObjects: 0.508400 ms CreateObjectMapping: 0.165500 ms MarkObjects: 3.664100 ms  DeleteObjects: 0.219000 ms)

========================================================================
Received Prepare
Registering precompiled user dll's ...
Registered in 0.003088 seconds.
Begin MonoManager ReloadAssembly
Native extension for WindowsStandalone target not found
Native extension for WebGL target not found
Refreshing native plugins compatible for Editor in 0.68 ms, found 1 plugins.
Preloading 0 native plugins for Editor in 0.00 ms.
Invoked RoslynAnalysisRunner static constructor.
RoslynAnalysisRunner will not be running.
RoslynAnalysisRunner has terminated.
Mono: successfully reloaded assembly
- Completed reload, in  2.233 seconds
Platform modules already initialized, skipping
Refreshing native plugins compatible for Editor in 0.66 ms, found 1 plugins.
Preloading 0 native plugins for Editor in 0.00 ms.
Unloading 1805 Unused Serialized files (Serialized files now loaded: 0)
System memory in use before: 85.0 MB.
System memory in use after: 84.9 MB.

Unloading 12 unused Assets to reduce memory usage. Loaded Objects now: 2273.
Total: 4.335900 ms (FindLiveObjects: 0.402900 ms CreateObjectMapping: 0.138000 ms MarkObjects: 3.566400 ms  DeleteObjects: 0.225800 ms)

========================================================================
Received Import Request.
  Time since last request: 177.333003 seconds.
  path: Assets/Scripts/GeraPersonagem.cs
  artifactKey: Guid(bf09a471fcee28c429b93f4bd8ff2250) Importer(815301076,1909f56bfc062723c751e8b465ee728b)
Start importing Assets/Scripts/GeraPersonagem.cs using Guid(bf09a471fcee28c429b93f4bd8ff2250) Importer(815301076,1909f56bfc062723c751e8b465ee728b)  -> (artifact id: 'b5b50d6bda38a55ba9d7741e62c8849d') in 0.014401 seconds
  Import took 0.045294 seconds .

========================================================================
Received Import Request.
  Time since last request: 0.210642 seconds.
  path: Assets/Scripts/GeraPersonagem.cs
  artifactKey: Guid(bf09a471fcee28c429b93f4bd8ff2250) Importer(815301076,1909f56bfc062723c751e8b465ee728b)
Start importing Assets/Scripts/GeraPersonagem.cs using Guid(bf09a471fcee28c429b93f4bd8ff2250) Importer(815301076,1909f56bfc062723c751e8b465ee728b)  -> (artifact id: 'b5b50d6bda38a55ba9d7741e62c8849d') in 0.010769 seconds
  Import took 0.019734 seconds .

========================================================================
Received Prepare
Registering precompiled user dll's ...
Registered in 0.003173 seconds.
Begin MonoManager ReloadAssembly
Native extension for WindowsStandalone target not found
Native extension for WebGL target not found
Refreshing native plugins compatible for Editor in 0.67 ms, found 1 plugins.
Preloading 0 native plugins for Editor in 0.00 ms.
Invoked RoslynAnalysisRunner static constructor.
RoslynAnalysisRunner will not be running.
RoslynAnalysisRunner has terminated.
Mono: successfully reloaded assembly
- Completed reload, in  2.213 seconds
Platform modules already initialized, skipping
Refreshing native plugins compatible for Editor in 0.89 ms, found 1 plugins.
Preloading 0 native plugins for Editor in 0.00 ms.
Unloading 1805 Unused Serialized files (Serialized files now loaded: 0)
System memory in use before: 85.0 MB.
System memory in use after: 85.0 MB.

Unloading 12 unused Assets to reduce memory usage. Loaded Objects now: 2277.
Total: 5.073600 ms (FindLiveObjects: 0.529700 ms CreateObjectMapping: 0.213000 ms MarkObjects: 4.104200 ms  DeleteObjects: 0.223700 ms)

========================================================================
Received Import Request.
  Time since last request: 51.572111 seconds.
  path: Assets/Scripts/GeraPersonagem.cs
  artifactKey: Guid(bf09a471fcee28c429b93f4bd8ff2250) Importer(815301076,1909f56bfc062723c751e8b465ee728b)
Start importing Assets/Scripts/GeraPersonagem.cs using Guid(bf09a471fcee28c429b93f4bd8ff2250) Importer(815301076,1909f56bfc062723c751e8b465ee728b)  -> (artifact id: '43584f670eda710c51d215debacef3e4') in 0.019258 seconds
  Import took 0.050366 seconds .

========================================================================
Received Prepare
Registering precompiled user dll's ...
Registered in 0.003303 seconds.
Begin MonoManager ReloadAssembly
Native extension for WindowsStandalone target not found
Native extension for WebGL target not found
Refreshing native plugins compatible for Editor in 0.71 ms, found 1 plugins.
Preloading 0 native plugins for Editor in 0.00 ms.
Invoked RoslynAnalysisRunner static constructor.
RoslynAnalysisRunner will not be running.
RoslynAnalysisRunner has terminated.
Mono: successfully reloaded assembly
- Completed reload, in  2.095 seconds
Platform modules already initialized, skipping
Refreshing native plugins compatible for Editor in 0.67 ms, found 1 plugins.
Preloading 0 native plugins for Editor in 0.00 ms.
Unloading 1805 Unused Serialized files (Serialized files now loaded: 0)
System memory in use before: 85.0 MB.
System memory in use after: 85.0 MB.

Unloading 12 unused Assets to reduce memory usage. Loaded Objects now: 2281.
Total: 4.244800 ms (FindLiveObjects: 0.348000 ms CreateObjectMapping: 0.105700 ms MarkObjects: 3.570700 ms  DeleteObjects: 0.217700 ms)

========================================================================
Received Import Request.
  Time since last request: 1019.778505 seconds.
  path: Assets/2D Assets/Alien.png
  artifactKey: Guid(15ae26158a9bacf42852f1a88cecb7a6) Importer(815301076,1909f56bfc062723c751e8b465ee728b)
Start importing Assets/2D Assets/Alien.png using Guid(15ae26158a9bacf42852f1a88cecb7a6) Importer(815301076,1909f56bfc062723c751e8b465ee728b)  -> (artifact id: '001fc48ecc686fd1227c73b0e38cc2fa') in 0.606223 seconds
  Import took 0.630564 seconds .

========================================================================
Received Prepare
Registering precompiled user dll's ...
Registered in 0.002286 seconds.
Begin MonoManager ReloadAssembly
Native extension for WindowsStandalone target not found
Native extension for WebGL target not found
Refreshing native plugins compatible for Editor in 0.46 ms, found 1 plugins.
Preloading 0 native plugins for Editor in 0.00 ms.
Invoked RoslynAnalysisRunner static constructor.
RoslynAnalysisRunner will not be running.
RoslynAnalysisRunner has terminated.
Mono: successfully reloaded assembly
- Completed reload, in  1.621 seconds
Platform modules already initialized, skipping
Refreshing native plugins compatible for Editor in 0.65 ms, found 1 plugins.
Preloading 0 native plugins for Editor in 0.00 ms.
Unloading 1805 Unused Serialized files (Serialized files now loaded: 0)
System memory in use before: 88.1 MB.
System memory in use after: 88.0 MB.

Unloading 12 unused Assets to reduce memory usage. Loaded Objects now: 2291.
Total: 4.896600 ms (FindLiveObjects: 0.506000 ms CreateObjectMapping: 0.158000 ms MarkObjects: 4.021800 ms  DeleteObjects: 0.207900 ms)

AssetImportWorkerClient::OnTransportError - code=2 error=End of file
