Using pre-set license
Built from '2020.3/release' branch; Version is '2020.3.2f1 (8fd9074bf66c) revision 9427207'; Using compiler version '192528614'; Build Type 'Release'
OS: 'Windows 10 Home Single Language; OS build 19043.1415; Version 2009; 64bit' Language: 'pt' Physical Memory: 8085 MB
BatchMode: 1, IsHumanControllingUs: 0, StartBugReporterOnCrash: 0, Is64bit: 1, IsPro: 0

 COMMAND LINE ARGUMENTS:
C:\Program Files\2020.3.2f1\Editor\Unity.exe
-adb2
-batchMode
-noUpm
-name
AssetImportWorker0
-projectPath
C:/Users/eduar/Documents/GitHub/Prototipo-AbCashGerarPersonagem
-logFile
Logs/AssetImportWorker0.log
-srvPort
63418
Successfully changed project path to: C:/Users/eduar/Documents/GitHub/Prototipo-AbCashGerarPersonagem
C:/Users/eduar/Documents/GitHub/Prototipo-AbCashGerarPersonagem
Using Asset Import Pipeline V2.
Refreshing native plugins compatible for Editor in 142.57 ms, found 1 plugins.
Preloading 0 native plugins for Editor in 0.00 ms.
Initialize engine version: 2020.3.2f1 (8fd9074bf66c)
[Subsystems] Discovering subsystems at path C:/Program Files/2020.3.2f1/Editor/Data/Resources/UnitySubsystems
[Subsystems] Discovering subsystems at path C:/Users/eduar/Documents/GitHub/Prototipo-AbCashGerarPersonagem/Assets
GfxDevice: creating device client; threaded=0
Direct3D:
    Version:  Direct3D 11.0 [level 11.1]
    Renderer: AMD Radeon (TM) RX 570 (ID=0x67df)
    Vendor:   
    VRAM:     4075 MB
    Driver:   30.0.13031.5001
Initialize mono
Mono path[0] = 'C:/Program Files/2020.3.2f1/Editor/Data/Managed'
Mono path[1] = 'C:/Program Files/2020.3.2f1/Editor/Data/MonoBleedingEdge/lib/mono/unityjit'
Mono config path = 'C:/Program Files/2020.3.2f1/Editor/Data/MonoBleedingEdge/etc'
Using monoOptions --debugger-agent=transport=dt_socket,embedding=1,server=y,suspend=n,address=127.0.0.1:56304
Begin MonoManager ReloadAssembly
Registering precompiled unity dll's ...
Register platform support module: C:/Program Files/2020.3.2f1/Editor/Data/PlaybackEngines/WebGLSupport/UnityEditor.WebGL.Extensions.dll
Register platform support module: C:/Program Files/2020.3.2f1/Editor/Data/PlaybackEngines/WindowsStandaloneSupport/UnityEditor.WindowsStandalone.Extensions.dll
Registered in 0.006112 seconds.
Native extension for WindowsStandalone target not found
Native extension for WebGL target not found
Refreshing native plugins compatible for Editor in 96.99 ms, found 1 plugins.
Preloading 0 native plugins for Editor in 0.00 ms.
Invoked RoslynAnalysisRunner static constructor.
RoslynAnalysisRunner will not be running.
RoslynAnalysisRunner has terminated.
Mono: successfully reloaded assembly
- Completed reload, in  6.343 seconds
Platform modules already initialized, skipping
Registering precompiled user dll's ...
Registered in 0.002318 seconds.
Begin MonoManager ReloadAssembly
Native extension for WindowsStandalone target not found
Native extension for WebGL target not found
Refreshing native plugins compatible for Editor in 101.73 ms, found 1 plugins.
Preloading 0 native plugins for Editor in 0.00 ms.
Invoked RoslynAnalysisRunner static constructor.
RoslynAnalysisRunner will not be running.
RoslynAnalysisRunner has terminated.
Mono: successfully reloaded assembly
- Completed reload, in  2.635 seconds
Platform modules already initialized, skipping
========================================================================
Worker process is ready to serve import requests
Launched and connected shader compiler UnityShaderCompiler.exe after 0.09 seconds
Refreshing native plugins compatible for Editor in 0.62 ms, found 1 plugins.
Preloading 0 native plugins for Editor in 0.00 ms.
Unloading 1810 Unused Serialized files (Serialized files now loaded: 0)
System memory in use before: 85.0 MB.
System memory in use after: 84.9 MB.

Unloading 24 unused Assets to reduce memory usage. Loaded Objects now: 2253.
Total: 4.808400 ms (FindLiveObjects: 0.464300 ms CreateObjectMapping: 0.152100 ms MarkObjects: 3.922400 ms  DeleteObjects: 0.266500 ms)

========================================================================
Received Import Request.
  path: Assets/Scripts/GeraPersonagem.cs
  artifactKey: Guid(bf09a471fcee28c429b93f4bd8ff2250) Importer(815301076,1909f56bfc062723c751e8b465ee728b)
Start importing Assets/Scripts/GeraPersonagem.cs using Guid(bf09a471fcee28c429b93f4bd8ff2250) Importer(815301076,1909f56bfc062723c751e8b465ee728b)  -> (artifact id: 'd7cef3c4ec114bf942a7563fbe2a1e2c') in 0.077260 seconds
  Import took 0.083460 seconds .

========================================================================
Received Import Request.
  Time since last request: 0.000567 seconds.
  path: Assets/Scripts/MudaSprite.cs
  artifactKey: Guid(fa0d4058e5119d942a57045df1f354ec) Importer(815301076,1909f56bfc062723c751e8b465ee728b)
Start importing Assets/Scripts/MudaSprite.cs using Guid(fa0d4058e5119d942a57045df1f354ec) Importer(815301076,1909f56bfc062723c751e8b465ee728b)  -> (artifact id: '47d296004192a71cf7a4452bff92117c') in 0.019801 seconds
  Import took 0.025856 seconds .

AssetImportWorkerClient::OnTransportError - code=2 error=End of file
